<?xml version="1.0" encoding="UTF-8"?>
<!-- Generated by org.testng.reporters.JUnitReportReporter -->
<testsuite skipped="0" hostname="DESKTOP-VHDONAV" name="jazz.kokri" tests="1" failures="0" timestamp="04 Feb 2019 05:23:51 GMT" time="0.019" errors="0">
  <testcase name="train" time="0.019" classname="jazz.kokri"/>
</testsuite> <!-- jazz.kokri -->
